# JRE version: OpenJDK Runtime Environment (11.0.4+10) (build 11.0.4+10-b304.77)
# Java VM: OpenJDK 64-Bit Server VM (11.0.4+10-b304.77, mixed mode, sharing, tiered, compressed oops, g1 gc, windows-amd64)
Heap:
 garbage-first heap   total 189440K, used 27295K [0x0000000081a00000, 0x0000000100000000)
  region size 1024K, 10 young (10240K), 10 survivors (10240K)
 Metaspace       used 54683K, capacity 56805K, committed 57008K, reserved 1097728K
  class space    used 7563K, capacity 8391K, committed 8448K, reserved 1048576K
GC Heap History (10 events):
Event: 12.812 GC heap after
{Heap after GC invocations=11 (full 0):
 garbage-first heap   total 131072K, used 13988K [0x0000000081a00000, 0x0000000100000000)
  region size 1024K, 7 young (7168K), 7 survivors (7168K)
 Metaspace       used 23433K, capacity 24607K, committed 24752K, reserved 1071104K
  class space    used 3253K, capacity 3717K, committed 3840K, reserved 1048576K
}
Event: 14.647 GC heap before
{Heap before GC invocations=11 (full 0):
 garbage-first heap   total 131072K, used 83620K [0x0000000081a00000, 0x0000000100000000)
  region size 1024K, 76 young (77824K), 7 survivors (7168K)
 Metaspace       used 28599K, capacity 29911K, committed 30128K, reserved 1075200K
  class space    used 3989K, capacity 4562K, committed 4608K, reserved 1048576K
}
Event: 14.678 GC heap after
{Heap after GC invocations=12 (full 0):
 garbage-first heap   total 157696K, used 16858K [0x0000000081a00000, 0x0000000100000000)
  region size 1024K, 8 young (8192K), 8 survivors (8192K)
 Metaspace       used 28599K, capacity 29911K, committed 30128K, reserved 1075200K
  class space    used 3989K, capacity 4562K, committed 4608K, reserved 1048576K
}
Event: 15.124 GC heap before
{Heap before GC invocations=12 (full 0):
 garbage-first heap   total 157696K, used 101850K [0x0000000081a00000, 0x0000000100000000)
  region size 1024K, 92 young (94208K), 8 survivors (8192K)
 Metaspace       used 29807K, capacity 31185K, committed 31280K, reserved 1075200K
  class space    used 4144K, capacity 4730K, committed 4736K, reserved 1048576K
}
Event: 15.147 GC heap after
{Heap after GC invocations=13 (full 0):
 garbage-first heap   total 157696K, used 18405K [0x0000000081a00000, 0x0000000100000000)
  region size 1024K, 7 young (7168K), 7 survivors (7168K)
 Metaspace       used 29807K, capacity 31185K, committed 31280K, reserved 1075200K
  class space    used 4144K, capacity 4730K, committed 4736K, reserved 1048576K
}
Event: 15.909 GC heap before
{Heap before GC invocations=13 (full 0):
 garbage-first heap   total 157696K, used 49125K [0x0000000081a00000, 0x0000000100000000)
  region size 1024K, 38 young (38912K), 7 survivors (7168K)
 Metaspace       used 34371K, capacity 35787K, committed 35888K, reserved 1079296K
  class space    used 4857K, capacity 5452K, committed 5504K, reserved 1048576K
}
Event: 15.940 GC heap after
{Heap after GC invocations=14 (full 0):
 garbage-first heap   total 157696K, used 19352K [0x0000000081a00000, 0x0000000100000000)
  region size 1024K, 8 young (8192K), 8 survivors (8192K)
 Metaspace       used 34371K, capacity 35787K, committed 35888K, reserved 1079296K
  class space    used 4857K, capacity 5452K, committed 5504K, reserved 1048576K
}
Event: 18.459 GC heap before
{Heap before GC invocations=15 (full 0):
 garbage-first heap   total 157696K, used 104344K [0x0000000081a00000, 0x0000000100000000)
  region size 1024K, 92 young (94208K), 8 survivors (8192K)
 Metaspace       used 46154K, capacity 47871K, committed 48048K, reserved 1089536K
  class space    used 6446K, capacity 7130K, committed 7168K, reserved 1048576K
}
Event: 18.491 GC heap after
{Heap after GC invocations=16 (full 0):
 garbage-first heap   total 157696K, used 23383K [0x0000000081a00000, 0x0000000100000000)
  region size 1024K, 10 young (10240K), 10 survivors (10240K)
 Metaspace       used 46154K, capacity 47871K, committed 48048K, reserved 1089536K
  class space    used 6446K, capacity 7130K, committed 7168K, reserved 1048576K
}
Event: 20.399 GC heap before
{Heap before GC invocations=16 (full 0):
 garbage-first heap   total 157696K, used 107351K [0x0000000081a00000, 0x0000000100000000)
  region size 1024K, 92 young (94208K), 10 survivors (10240K)
 Metaspace       used 54683K, capacity 56805K, committed 57008K, reserved 1097728K
  class space    used 7563K, capacity 8391K, committed 8448K, reserved 1048576K
}

